<?xml version="1.0" encoding="UTF-8"?>
<coverage generated="1660919144130" clover="3.2.0">
  <project timestamp="1660919144130" name="All files">
    <metrics statements="29" coveredstatements="29" conditionals="13" coveredconditionals="13" methods="9" coveredmethods="9" elements="51" coveredelements="51" complexity="0" loc="29" ncloc="29" packages="1" files="1" classes="1"/>
    <file name="index.ts" path="/Users/isaacyoung/SourceTree/ts-lateinit/index.ts">
      <metrics statements="29" coveredstatements="29" conditionals="13" coveredconditionals="13" methods="9" coveredmethods="9"/>
      <line num="1" count="2" type="stmt"/>
      <line num="3" count="7" type="stmt"/>
      <line num="4" count="7" type="stmt"/>
      <line num="8" count="2" type="stmt"/>
      <line num="10" count="2" type="stmt"/>
      <line num="11" count="2" type="stmt"/>
      <line num="16" count="2" type="stmt"/>
      <line num="18" count="2" type="stmt"/>
      <line num="20" count="2" type="stmt"/>
      <line num="31" count="19" type="stmt"/>
      <line num="32" count="19" type="stmt"/>
      <line num="33" count="27" type="cond" truecount="1" falsecount="0"/>
      <line num="34" count="7" type="stmt"/>
      <line num="36" count="20" type="stmt"/>
      <line num="38" count="19" type="stmt"/>
      <line num="39" count="25" type="cond" truecount="9" falsecount="0"/>
      <line num="43" count="3" type="stmt"/>
      <line num="47" count="3" type="stmt"/>
      <line num="49" count="22" type="cond" truecount="3" falsecount="0"/>
      <line num="50" count="2" type="stmt"/>
      <line num="52" count="20" type="stmt"/>
      <line num="56" count="20" type="stmt"/>
      <line num="62" count="19" type="stmt"/>
      <line num="69" count="2" type="stmt"/>
      <line num="70" count="9" type="stmt"/>
      <line num="73" count="2" type="stmt"/>
      <line num="74" count="10" type="stmt"/>
      <line num="84" count="2" type="stmt"/>
      <line num="85" count="10" type="stmt"/>
    </file>
  </project>
</coverage>
