<?xml version="1.0" encoding="UTF-8"?>
<coverage generated="1660902800458" clover="3.2.0">
  <project timestamp="1660902800458" name="All files">
    <metrics statements="23" coveredstatements="23" conditionals="4" coveredconditionals="4" methods="8" coveredmethods="8" elements="35" coveredelements="35" complexity="0" loc="23" ncloc="23" packages="1" files="1" classes="1"/>
    <file name="index.ts" path="/Users/isaacyoung/SourceTree/ts-lateinit/src/index.ts">
      <metrics statements="23" coveredstatements="23" conditionals="4" coveredconditionals="4" methods="8" coveredmethods="8"/>
      <line num="1" count="2" type="stmt"/>
      <line num="3" count="2" type="stmt"/>
      <line num="4" count="2" type="stmt"/>
      <line num="8" count="2" type="stmt"/>
      <line num="10" count="1" type="stmt"/>
      <line num="11" count="1" type="stmt"/>
      <line num="16" count="10" type="stmt"/>
      <line num="17" count="10" type="stmt"/>
      <line num="18" count="10" type="stmt"/>
      <line num="19" count="10" type="stmt"/>
      <line num="20" count="15" type="cond" truecount="1" falsecount="0"/>
      <line num="21" count="2" type="stmt"/>
      <line num="23" count="13" type="stmt"/>
      <line num="25" count="10" type="stmt"/>
      <line num="26" count="14" type="cond" truecount="3" falsecount="0"/>
      <line num="27" count="1" type="stmt"/>
      <line num="30" count="13" type="stmt"/>
      <line num="34" count="13" type="stmt"/>
      <line num="40" count="10" type="stmt"/>
      <line num="47" count="2" type="stmt"/>
      <line num="48" count="5" type="stmt"/>
      <line num="51" count="2" type="stmt"/>
      <line num="52" count="5" type="stmt"/>
    </file>
  </project>
</coverage>
