{"/Users/isaacyoung/SourceTree/late-init/index.ts": {"path":"/Users/isaacyoung/SourceTree/late-init/index.ts","statementMap":{"0":{"start":{"line":3,"column":8},"end":{"line":3,"column":23}},"1":{"start":{"line":4,"column":8},"end":{"line":4,"column":36}},"2":{"start":{"line":1,"column":0},"end":{"line":1,"column":13}},"3":{"start":{"line":10,"column":8},"end":{"line":10,"column":23}},"4":{"start":{"line":11,"column":8},"end":{"line":11,"column":36}},"5":{"start":{"line":8,"column":0},"end":{"line":8,"column":13}},"6":{"start":{"line":15,"column":12},"end":{"line":15,"column":33}},"7":{"start":{"line":16,"column":12},"end":{"line":16,"column":33}},"8":{"start":{"line":27,"column":4},"end":{"line":56,"column":null}},"9":{"start":{"line":28,"column":23},"end":{"line":33,"column":9}},"10":{"start":{"line":29,"column":12},"end":{"line":31,"column":null}},"11":{"start":{"line":30,"column":16},"end":{"line":30,"column":102}},"12":{"start":{"line":32,"column":12},"end":{"line":32,"column":54}},"13":{"start":{"line":34,"column":23},"end":{"line":50,"column":9}},"14":{"start":{"line":35,"column":12},"end":{"line":38,"column":null}},"15":{"start":{"line":36,"column":16},"end":{"line":37,"column":61}},"16":{"start":{"line":39,"column":12},"end":{"line":41,"column":null}},"17":{"start":{"line":40,"column":16},"end":{"line":40,"column":23}},"18":{"start":{"line":42,"column":12},"end":{"line":45,"column":15}},"19":{"start":{"line":46,"column":12},"end":{"line":49,"column":15}},"20":{"start":{"line":52,"column":8},"end":{"line":55,"column":11}},"21":{"start":{"line":60,"column":4},"end":{"line":60,"column":37}},"22":{"start":{"line":59,"column":0},"end":{"line":59,"column":16}},"23":{"start":{"line":64,"column":4},"end":{"line":64,"column":36}},"24":{"start":{"line":63,"column":0},"end":{"line":63,"column":16}},"25":{"start":{"line":75,"column":4},"end":{"line":75,"column":47}},"26":{"start":{"line":74,"column":0},"end":{"line":74,"column":16}}},"fnMap":{"0":{"name":"(anonymous_0)","decl":{"start":{"line":2,"column":4},"end":{"line":2,"column":16}},"loc":{"start":{"line":2,"column":31},"end":{"line":5,"column":5}}},"1":{"name":"(anonymous_1)","decl":{"start":{"line":9,"column":4},"end":{"line":9,"column":16}},"loc":{"start":{"line":9,"column":31},"end":{"line":12,"column":5}}},"2":{"name":"_lateinit","decl":{"start":{"line":26,"column":9},"end":{"line":26,"column":18}},"loc":{"start":{"line":26,"column":68},"end":{"line":57,"column":1}}},"3":{"name":"(anonymous_3)","decl":{"start":{"line":27,"column":11},"end":{"line":27,"column":23}},"loc":{"start":{"line":27,"column":57},"end":{"line":56,"column":5}}},"4":{"name":"(anonymous_4)","decl":{"start":{"line":28,"column":23},"end":{"line":28,"column":null}},"loc":{"start":{"line":28,"column":23},"end":{"line":33,"column":9}}},"5":{"name":"(anonymous_5)","decl":{"start":{"line":34,"column":23},"end":{"line":34,"column":41}},"loc":{"start":{"line":34,"column":50},"end":{"line":50,"column":9}}},"6":{"name":"lateinit","decl":{"start":{"line":59,"column":16},"end":{"line":59,"column":24}},"loc":{"start":{"line":59,"column":50},"end":{"line":61,"column":1}}},"7":{"name":"readonlyLateinit","decl":{"start":{"line":63,"column":16},"end":{"line":63,"column":32}},"loc":{"start":{"line":63,"column":58},"end":{"line":65,"column":1}}},"8":{"name":"isInitialized","decl":{"start":{"line":74,"column":16},"end":{"line":74,"column":29}},"loc":{"start":{"line":74,"column":63},"end":{"line":76,"column":1}}}},"branchMap":{"0":{"loc":{"start":{"line":29,"column":12},"end":{"line":31,"column":null}},"type":"if","locations":[{"start":{"line":29,"column":12},"end":{"line":31,"column":null}}]},"1":{"loc":{"start":{"line":35,"column":12},"end":{"line":38,"column":null}},"type":"if","locations":[{"start":{"line":35,"column":12},"end":{"line":38,"column":null}}]},"2":{"loc":{"start":{"line":35,"column":16},"end":{"line":35,"column":64}},"type":"binary-expr","locations":[{"start":{"line":35,"column":16},"end":{"line":35,"column":26}},{"start":{"line":35,"column":30},"end":{"line":35,"column":64}}]},"3":{"loc":{"start":{"line":39,"column":12},"end":{"line":41,"column":null}},"type":"if","locations":[{"start":{"line":39,"column":12},"end":{"line":41,"column":null}}]},"4":{"loc":{"start":{"line":39,"column":16},"end":{"line":39,"column":80}},"type":"binary-expr","locations":[{"start":{"line":39,"column":16},"end":{"line":39,"column":56}},{"start":{"line":39,"column":60},"end":{"line":39,"column":80}}]},"5":{"loc":{"start":{"line":39,"column":16},"end":{"line":39,"column":47}},"type":"cond-expr","locations":[{"start":{"line":39,"column":23},"end":{"line":39,"column":25}},{"start":{"line":39,"column":16},"end":{"line":39,"column":47}}]},"6":{"loc":{"start":{"line":39,"column":16},"end":{"line":39,"column":25}},"type":"binary-expr","locations":[{"start":{"line":39,"column":16},"end":{"line":39,"column":25}},{"start":{"line":39,"column":16},"end":{"line":39,"column":25}}]}},"s":{"0":6,"1":6,"2":2,"3":2,"4":2,"5":2,"6":2,"7":2,"8":18,"9":18,"10":25,"11":6,"12":19,"13":18,"14":23,"15":2,"16":21,"17":2,"18":19,"19":19,"20":18,"21":9,"22":2,"23":9,"24":2,"25":8,"26":2},"f":{"0":6,"1":2,"2":18,"3":18,"4":25,"5":23,"6":9,"7":9,"8":8},"b":{"0":[6],"1":[2],"2":[23,12],"3":[2],"4":[21,4],"5":[17,4],"6":[21,21]}}
}
