{"/Users/isaacyoung/SourceTree/ts-lateinit/index.ts": {"path":"/Users/isaacyoung/SourceTree/ts-lateinit/index.ts","statementMap":{"0":{"start":{"line":3,"column":8},"end":{"line":3,"column":58}},"1":{"start":{"line":4,"column":8},"end":{"line":4,"column":36}},"2":{"start":{"line":1,"column":0},"end":{"line":1,"column":13}},"3":{"start":{"line":10,"column":8},"end":{"line":10,"column":125}},"4":{"start":{"line":11,"column":8},"end":{"line":11,"column":36}},"5":{"start":{"line":8,"column":0},"end":{"line":8,"column":13}},"6":{"start":{"line":16,"column":12},"end":{"line":16,"column":34}},"7":{"start":{"line":18,"column":12},"end":{"line":18,"column":34}},"8":{"start":{"line":20,"column":12},"end":{"line":20,"column":34}},"9":{"start":{"line":31,"column":4},"end":{"line":66,"column":null}},"10":{"start":{"line":32,"column":23},"end":{"line":37,"column":9}},"11":{"start":{"line":33,"column":12},"end":{"line":35,"column":null}},"12":{"start":{"line":34,"column":16},"end":{"line":34,"column":71}},"13":{"start":{"line":36,"column":12},"end":{"line":36,"column":54}},"14":{"start":{"line":38,"column":23},"end":{"line":60,"column":9}},"15":{"start":{"line":39,"column":12},"end":{"line":48,"column":null}},"16":{"start":{"line":43,"column":16},"end":{"line":46,"column":19}},"17":{"start":{"line":47,"column":16},"end":{"line":47,"column":23}},"18":{"start":{"line":49,"column":12},"end":{"line":51,"column":null}},"19":{"start":{"line":50,"column":16},"end":{"line":50,"column":83}},"20":{"start":{"line":52,"column":12},"end":{"line":55,"column":15}},"21":{"start":{"line":56,"column":12},"end":{"line":59,"column":15}},"22":{"start":{"line":62,"column":8},"end":{"line":65,"column":11}},"23":{"start":{"line":70,"column":4},"end":{"line":70,"column":37}},"24":{"start":{"line":69,"column":0},"end":{"line":69,"column":16}},"25":{"start":{"line":74,"column":4},"end":{"line":74,"column":36}},"26":{"start":{"line":73,"column":0},"end":{"line":73,"column":16}},"27":{"start":{"line":85,"column":4},"end":{"line":85,"column":47}},"28":{"start":{"line":84,"column":0},"end":{"line":84,"column":16}}},"fnMap":{"0":{"name":"(anonymous_0)","decl":{"start":{"line":2,"column":4},"end":{"line":2,"column":16}},"loc":{"start":{"line":2,"column":35},"end":{"line":5,"column":5}}},"1":{"name":"(anonymous_1)","decl":{"start":{"line":9,"column":4},"end":{"line":9,"column":16}},"loc":{"start":{"line":9,"column":35},"end":{"line":12,"column":5}}},"2":{"name":"_lateinit","decl":{"start":{"line":30,"column":9},"end":{"line":30,"column":18}},"loc":{"start":{"line":30,"column":68},"end":{"line":67,"column":1}}},"3":{"name":"(anonymous_3)","decl":{"start":{"line":31,"column":11},"end":{"line":31,"column":23}},"loc":{"start":{"line":31,"column":57},"end":{"line":66,"column":5}}},"4":{"name":"(anonymous_4)","decl":{"start":{"line":32,"column":23},"end":{"line":32,"column":null}},"loc":{"start":{"line":32,"column":23},"end":{"line":37,"column":9}}},"5":{"name":"(anonymous_5)","decl":{"start":{"line":38,"column":23},"end":{"line":38,"column":41}},"loc":{"start":{"line":38,"column":50},"end":{"line":60,"column":9}}},"6":{"name":"lateinit","decl":{"start":{"line":69,"column":16},"end":{"line":69,"column":24}},"loc":{"start":{"line":69,"column":50},"end":{"line":71,"column":1}}},"7":{"name":"readonlyLateinit","decl":{"start":{"line":73,"column":16},"end":{"line":73,"column":32}},"loc":{"start":{"line":73,"column":58},"end":{"line":75,"column":1}}},"8":{"name":"isInitialized","decl":{"start":{"line":84,"column":16},"end":{"line":84,"column":29}},"loc":{"start":{"line":84,"column":63},"end":{"line":86,"column":1}}}},"branchMap":{"0":{"loc":{"start":{"line":33,"column":12},"end":{"line":35,"column":null}},"type":"if","locations":[{"start":{"line":33,"column":12},"end":{"line":35,"column":null}}]},"1":{"loc":{"start":{"line":39,"column":12},"end":{"line":48,"column":null}},"type":"if","locations":[{"start":{"line":39,"column":12},"end":{"line":48,"column":null}}]},"2":{"loc":{"start":{"line":39,"column":16},"end":{"line":42,"column":38}},"type":"binary-expr","locations":[{"start":{"line":39,"column":16},"end":{"line":39,"column":56}},{"start":{"line":40,"column":19},"end":{"line":40,"column":54}},{"start":{"line":41,"column":19},"end":{"line":41,"column":54}},{"start":{"line":42,"column":19},"end":{"line":42,"column":38}}]},"3":{"loc":{"start":{"line":39,"column":16},"end":{"line":39,"column":47}},"type":"cond-expr","locations":[{"start":{"line":39,"column":23},"end":{"line":39,"column":25}},{"start":{"line":39,"column":16},"end":{"line":39,"column":47}}]},"4":{"loc":{"start":{"line":39,"column":16},"end":{"line":39,"column":25}},"type":"binary-expr","locations":[{"start":{"line":39,"column":16},"end":{"line":39,"column":25}},{"start":{"line":39,"column":16},"end":{"line":39,"column":25}}]},"5":{"loc":{"start":{"line":49,"column":12},"end":{"line":51,"column":null}},"type":"if","locations":[{"start":{"line":49,"column":12},"end":{"line":51,"column":null}}]},"6":{"loc":{"start":{"line":49,"column":16},"end":{"line":49,"column":64}},"type":"binary-expr","locations":[{"start":{"line":49,"column":16},"end":{"line":49,"column":26}},{"start":{"line":49,"column":30},"end":{"line":49,"column":64}}]}},"s":{"0":7,"1":7,"2":2,"3":2,"4":2,"5":2,"6":2,"7":2,"8":2,"9":19,"10":19,"11":27,"12":7,"13":20,"14":19,"15":25,"16":3,"17":3,"18":22,"19":2,"20":20,"21":20,"22":19,"23":9,"24":2,"25":10,"26":2,"27":10,"28":2},"f":{"0":7,"1":2,"2":19,"3":19,"4":27,"5":25,"6":9,"7":10,"8":10},"b":{"0":[7],"1":[3],"2":[25,6,3,3],"3":[19,6],"4":[25,25],"5":[2],"6":[22,12]}}
}
