TN:
SF:index.ts
FN:2,(anonymous_0)
FN:9,(anonymous_1)
FN:26,_lateinit
FN:27,(anonymous_3)
FN:28,(anonymous_4)
FN:34,(anonymous_5)
FN:59,lateinit
FN:63,readonlyLateinit
FN:74,isInitialized
FNF:9
FNH:9
FNDA:6,(anonymous_0)
FNDA:2,(anonymous_1)
FNDA:18,_lateinit
FNDA:18,(anonymous_3)
FNDA:25,(anonymous_4)
FNDA:23,(anonymous_5)
FNDA:9,lateinit
FNDA:9,readonlyLateinit
FNDA:8,isInitialized
DA:1,2
DA:3,6
DA:4,6
DA:8,2
DA:10,2
DA:11,2
DA:15,2
DA:16,2
DA:27,18
DA:28,18
DA:29,25
DA:30,6
DA:32,19
DA:34,18
DA:35,23
DA:36,2
DA:39,21
DA:40,2
DA:42,19
DA:46,19
DA:52,18
DA:59,2
DA:60,9
DA:63,2
DA:64,9
DA:74,2
DA:75,8
LF:27
LH:27
BRDA:29,0,0,6
BRDA:35,1,0,2
BRDA:35,2,0,23
BRDA:35,2,1,12
BRDA:39,3,0,2
BRDA:39,4,0,21
BRDA:39,4,1,4
BRDA:39,5,0,17
BRDA:39,5,1,4
BRDA:39,6,0,21
BRDA:39,6,1,21
BRF:11
BRH:11
end_of_record
