TN:
SF:src/index.ts
FN:2,(anonymous_0)
FN:9,(anonymous_1)
FN:15,_lateinit
FN:18,(anonymous_3)
FN:19,(anonymous_4)
FN:25,(anonymous_5)
FN:47,lateinit
FN:51,readonlyLateinit
FNF:8
FNH:8
FNDA:2,(anonymous_0)
FNDA:1,(anonymous_1)
FNDA:10,_lateinit
FNDA:10,(anonymous_3)
FNDA:15,(anonymous_4)
FNDA:14,(anonymous_5)
FNDA:5,lateinit
FNDA:5,readonlyLateinit
DA:1,2
DA:3,2
DA:4,2
DA:8,2
DA:10,1
DA:11,1
DA:16,10
DA:17,10
DA:18,10
DA:19,10
DA:20,15
DA:21,2
DA:23,13
DA:25,10
DA:26,14
DA:27,1
DA:30,13
DA:34,13
DA:40,10
DA:47,2
DA:48,5
DA:51,2
DA:52,5
LF:23
LH:23
BRDA:20,0,0,2
BRDA:26,1,0,1
BRDA:26,2,0,14
BRDA:26,2,1,7
BRF:4
BRH:4
end_of_record
